<?xml version="1.0" encoding="UTF-8"?>
<!-- Generated by org.testng.reporters.JUnitReportReporter -->
<testsuite hostname="Joseph-VAIO" name="com.webservice.Weather" tests="1" failures="0" timestamp="18 Sep 2017 14:45:49 GMT" time="2.367" errors="0">
  <testcase name="testA" time="2.367" classname="com.webservice.Weather"/>
</testsuite> <!-- com.webservice.Weather -->
